<?xml version="1.0" encoding="UTF-8"?>
<!-- Generated by org.testng.reporters.JUnitReportReporter -->
<testsuite hostname="DESKTOP-UV54C60" failures="0" tests="1" name="pagepkg.Amazonpgm" time="3.886" errors="0" timestamp="2023-11-07T15:17:30 IST" skipped="0">
  <testcase classname="pagepkg.Amazonpgm" name="test" time="3.886"/>
  <system-out/>
</testsuite> <!-- pagepkg.Amazonpgm -->
