<?xml version="1.0" encoding="UTF-8"?>
<!-- Generated by org.testng.reporters.JUnitReportReporter -->
<testsuite hostname="DESKTOP-UV54C60" failures="0" tests="1" name="Testngpkg.Copypaste" time="0.616" errors="0" timestamp="2023-10-27T22:56:55 IST" skipped="0">
  <testcase classname="Testngpkg.Copypaste" name="test" time="0.616"/>
  <system-out/>
</testsuite> <!-- Testngpkg.Copypaste -->
